This is METAFONT, Version 2.71828182 (preloaded base=mf 2021.10.31)  7 NOV 2021 11:14
**nvim-lspconfig.vim plugin
(nvim-lspconfig.vim
! Extra tokens will be flushed.
<to be read again> 
                   (
l.4 local nvim_lsp = require(
                             'lspconfig')
? qq
OK, entering batchmode...

! Interruption.
l.4 local nvim_lsp = require(
                             'lspconfig')
? 
! Forbidden token found while scanning to the end of the statement.
<inserted text> 
                ;
<to be read again> 
                   end
l.9 ...vim.api.nvim_buf_set_keymap(bufnr, ...) end
                                                  
? 
 )
